
Showing logs for build [32mcb-kubecd-environment-pr-192-90-w9lz8-1[0m stage [32mfrom-build-pack[0m and container [32mstep-credential-initializer-r749h[0m
{"level":"warn","ts":1585823745.2620096,"logger":"fallback-logger","caller":"logging/config.go:69","msg":"Fetch GitHub commit ID from kodata failed: \"ref: refs/heads/0.8.0-**-support-backwards-incompats\" is not a valid GitHub commit ID"}
{"level":"info","ts":1585823745.2625008,"logger":"fallback-logger","caller":"creds-init/main.go:40","msg":"Credentials initialized."}

Showing logs for build [32mcb-kubecd-environment-pr-192-90-w9lz8-1[0m stage [32mfrom-build-pack[0m and container [32mstep-working-dir-initializer-ccjzw[0m
{"level":"warn","ts":1585823746.3856335,"logger":"fallback-logger","caller":"logging/config.go:69","msg":"Fetch GitHub commit ID from kodata failed: open /var/run/ko/HEAD: no such file or directory"}
{"level":"info","ts":1585823746.3869972,"logger":"fallback-logger","caller":"bash/main.go:64","msg":"Successfully executed command \"sh -c mkdir -p /workspace/source\"; output "}

Showing logs for build [32mcb-kubecd-environment-pr-192-90-w9lz8-1[0m stage [32mfrom-build-pack[0m and container [32mstep-place-tools[0m

Showing logs for build [32mcb-kubecd-environment-pr-192-90-w9lz8-1[0m stage [32mfrom-build-pack[0m and container [32mstep-git-source-cb-kubecd-environment-pr-192-90-w9lz8-4lffb[0m
{"level":"warn","ts":1585823774.4878173,"logger":"fallback-logger","caller":"logging/config.go:69","msg":"Fetch GitHub commit ID from kodata failed: \"ref: refs/heads/0.8.0-**-support-backwards-incompats\" is not a valid GitHub commit ID"}
{"level":"info","ts":1585823775.8816,"logger":"fallback-logger","caller":"git/git.go:103","msg":"Successfully cloned https://github.com/cb-kubecd/environment-pr-192-90-boot-vault-gke-staging.git @ master in path /workspace/source"}

Showing logs for build [32mcb-kubecd-environment-pr-192-90-w9lz8-1[0m stage [32mfrom-build-pack[0m and container [32mstep-git-merge[0m
Using SHAs from PULL_REFS=master:c4a253ee43bef4ae1ee0d34d0af9fcc5c8502676,1:e186f77c2fb29463ffc5ea234229936726cf5f06
DEBUG: LC_ALL=C JX_LOG_LEVEL=error git fetch origin --unshallow e186f77c2fb29463ffc5ea234229936726cf5f06: c4a253ee43bef4ae1ee0d34d0af9fcc5c8502676:
DEBUG: ran git fetch --unshallow origin e186f77c2fb29463ffc5ea234229936726cf5f06: c4a253ee43bef4ae1ee0d34d0af9fcc5c8502676: in 
DEBUG: LC_ALL=C JX_LOG_LEVEL=error git branch
DEBUG: LC_ALL=C JX_LOG_LEVEL=error git checkout master
DEBUG: ran git checkout master in 
DEBUG: LC_ALL=C JX_LOG_LEVEL=error git reset --hard c4a253ee43bef4ae1ee0d34d0af9fcc5c8502676
DEBUG: ran git reset --hard c4a253ee43bef4ae1ee0d34d0af9fcc5c8502676 in 
DEBUG: LC_ALL=C JX_LOG_LEVEL=error git clean -fd .
DEBUG: ran clean --force -d . in 
DEBUG: LC_ALL=C JX_LOG_LEVEL=error git merge e186f77c2fb29463ffc5ea234229936726cf5f06
DEBUG: ran git merge e186f77c2fb29463ffc5ea234229936726cf5f06 in 
DEBUG: LC_ALL=C JX_LOG_LEVEL=error git log --format=%H%x1f%an%x1f%ae%x1f%cn%x1f%ce%x1f%s%n%b%x1e c4a253ee43bef4ae1ee0d34d0af9fcc5c8502676..HEAD
Merged SHA e186f77c2fb29463ffc5ea234229936726cf5f06 with commit message 'chore: Promote bdd-spring-1585823435 to version 0.0.1' into base branch master

Showing logs for build [32mcb-kubecd-environment-pr-192-90-w9lz8-1[0m stage [32mfrom-build-pack[0m and container [32mstep-build-helm-build[0m
WARNING: No $CHART_REPOSITORY defined so using the default value of: http://jenkins-x-chartmuseum:8080
Adding missing Helm repo: storage.googleapis.com https://storage.googleapis.com/chartmuseum.jenkins-x.io
WARNING: No secrets found on "helm/repos" due: reading the secret "helm/repos" from vault: no secret "helm/repos" not found in vault
Read credentials for https://storage.googleapis.com/chartmuseum.jenkins-x.io from vault helm/repos
Successfully added Helm repository storage.googleapis.com.
Adding missing Helm repo: jenkins-x-chartmuseum http://jenkins-x-chartmuseum:8080
WARNING: No secrets found on "helm/repos" due: reading the secret "helm/repos" from vault: no secret "helm/repos" not found in vault
Read credentials for http://jenkins-x-chartmuseum:8080 from vault helm/repos
Successfully added Helm repository jenkins-x-chartmuseum.
WARNING: No $CHART_REPOSITORY defined so using the default value of: http://jenkins-x-chartmuseum:8080
Adding missing Helm repo: chartmuseum.jenkins-x.io http://chartmuseum.jenkins-x.io
WARNING: No secrets found on "helm/repos" due: reading the secret "helm/repos" from vault: no secret "helm/repos" not found in vault
Read credentials for http://chartmuseum.jenkins-x.io from vault helm/repos
Successfully added Helm repository chartmuseum.jenkins-x.io.
