
Showing logs for build [32mcb-kubecd-environment-pr-192-90-gw8vh-1[0m stage [32mfrom-build-pack[0m and container [32mstep-credential-initializer-wtmkh[0m
{"level":"warn","ts":1585827791.0950716,"logger":"fallback-logger","caller":"logging/config.go:69","msg":"Fetch GitHub commit ID from kodata failed: \"ref: refs/heads/0.8.0-**-support-backwards-incompats\" is not a valid GitHub commit ID"}
{"level":"info","ts":1585827791.0959105,"logger":"fallback-logger","caller":"creds-init/main.go:40","msg":"Credentials initialized."}

Showing logs for build [32mcb-kubecd-environment-pr-192-90-gw8vh-1[0m stage [32mfrom-build-pack[0m and container [32mstep-working-dir-initializer-q589d[0m
{"level":"warn","ts":1585827792.151126,"logger":"fallback-logger","caller":"logging/config.go:69","msg":"Fetch GitHub commit ID from kodata failed: open /var/run/ko/HEAD: no such file or directory"}
{"level":"info","ts":1585827792.1526144,"logger":"fallback-logger","caller":"bash/main.go:64","msg":"Successfully executed command \"sh -c mkdir -p /workspace/source\"; output "}

Showing logs for build [32mcb-kubecd-environment-pr-192-90-gw8vh-1[0m stage [32mfrom-build-pack[0m and container [32mstep-place-tools[0m

Showing logs for build [32mcb-kubecd-environment-pr-192-90-gw8vh-1[0m stage [32mfrom-build-pack[0m and container [32mstep-git-source-cb-kubecd-environment-pr-192-90-gw8vh-g885b[0m
{"level":"warn","ts":1585827798.3607657,"logger":"fallback-logger","caller":"logging/config.go:69","msg":"Fetch GitHub commit ID from kodata failed: \"ref: refs/heads/0.8.0-**-support-backwards-incompats\" is not a valid GitHub commit ID"}
{"level":"info","ts":1585827799.4279916,"logger":"fallback-logger","caller":"git/git.go:103","msg":"Successfully cloned https://github.com/cb-kubecd/environment-pr-192-90-boot-vault-gke-staging.git @ master in path /workspace/source"}

Showing logs for build [32mcb-kubecd-environment-pr-192-90-gw8vh-1[0m stage [32mfrom-build-pack[0m and container [32mstep-git-merge[0m
Using SHAs from PULL_REFS=master:b798872c6f16e45afe58f9c1d71a87c1d5a052aa,4:d4efadefe7a33068fe4e1b33033138e16d235c3a
DEBUG: LC_ALL=C JX_LOG_LEVEL=error git fetch origin --unshallow d4efadefe7a33068fe4e1b33033138e16d235c3a: b798872c6f16e45afe58f9c1d71a87c1d5a052aa:
DEBUG: ran git fetch --unshallow origin d4efadefe7a33068fe4e1b33033138e16d235c3a: b798872c6f16e45afe58f9c1d71a87c1d5a052aa: in 
DEBUG: LC_ALL=C JX_LOG_LEVEL=error git branch
DEBUG: LC_ALL=C JX_LOG_LEVEL=error git checkout master
DEBUG: ran git checkout master in 
DEBUG: LC_ALL=C JX_LOG_LEVEL=error git reset --hard b798872c6f16e45afe58f9c1d71a87c1d5a052aa
DEBUG: ran git reset --hard b798872c6f16e45afe58f9c1d71a87c1d5a052aa in 
DEBUG: LC_ALL=C JX_LOG_LEVEL=error git clean -fd .
DEBUG: ran clean --force -d . in 
DEBUG: LC_ALL=C JX_LOG_LEVEL=error git merge d4efadefe7a33068fe4e1b33033138e16d235c3a
DEBUG: ran git merge d4efadefe7a33068fe4e1b33033138e16d235c3a in 
DEBUG: LC_ALL=C JX_LOG_LEVEL=error git log --format=%H%x1f%an%x1f%ae%x1f%cn%x1f%ce%x1f%s%n%b%x1e b798872c6f16e45afe58f9c1d71a87c1d5a052aa..HEAD
Merged SHA d4efadefe7a33068fe4e1b33033138e16d235c3a with commit message 'chore: Promote bdd-nh-1585825211 to version 0.0.1' into base branch master

Showing logs for build [32mcb-kubecd-environment-pr-192-90-gw8vh-1[0m stage [32mfrom-build-pack[0m and container [32mstep-build-helm-build[0m
WARNING: No $CHART_REPOSITORY defined so using the default value of: http://jenkins-x-chartmuseum:8080
Adding missing Helm repo: storage.googleapis.com https://storage.googleapis.com/chartmuseum.jenkins-x.io
WARNING: No secrets found on "helm/repos" due: reading the secret "helm/repos" from vault: no secret "helm/repos" not found in vault
Read credentials for https://storage.googleapis.com/chartmuseum.jenkins-x.io from vault helm/repos
Successfully added Helm repository storage.googleapis.com.
Adding missing Helm repo: jenkins-x-chartmuseum http://jenkins-x-chartmuseum:8080
WARNING: No secrets found on "helm/repos" due: reading the secret "helm/repos" from vault: no secret "helm/repos" not found in vault
Read credentials for http://jenkins-x-chartmuseum:8080 from vault helm/repos
Successfully added Helm repository jenkins-x-chartmuseum.
WARNING: No $CHART_REPOSITORY defined so using the default value of: http://jenkins-x-chartmuseum:8080
Adding missing Helm repo: chartmuseum.jenkins-x.io http://chartmuseum.jenkins-x.io
WARNING: No secrets found on "helm/repos" due: reading the secret "helm/repos" from vault: no secret "helm/repos" not found in vault
Read credentials for http://chartmuseum.jenkins-x.io from vault helm/repos
Successfully added Helm repository chartmuseum.jenkins-x.io.
